Class                               Train      Valid
-------------------------------------------------------
Trametes versicolor                  1722        191
Fomitopsis pinicola                  1569        174
Hypholoma fasciculare                1472        164
Pluteus cervinus                     1228        137
Fomes fomentarius                    1185        132
Bjerkandera adusta                   1171        130
Auricularia auricula-judae           1143        127
Coprinellus micaceus                 1130        126
Stereum hirsutum                     1102        123
Mycena galericulata                  1099        122
Plicaturopsis crispa                 1050        117
Cuphophyllus virgineus               1031        115
Hygrocybe miniata                    1005        112
Clitocybe nebularis                  1003        112
Ganoderma applanatum                  996        111
Daedaleopsis confragosa               958        107
Pleurotus ostreatus                   931        103
Tremella mesenterica                  930        103
Gymnopilus penetrans                  890         99
Meripilus giganteus                   868         97
Armillaria lutea                      867         96
Amanita muscaria                      863         96
Tubaria furfuracea                    858         95
Leccinum scabrum                      847         94
Neoboletus luridiformis               844         94
Imleria badia                         832         93
Lycoperdon perlatum                   830         92
Phaeolepiota aurea                    828         93
Trametes hirsuta                      825         92
Trametes gibbosa                      814         91
Boletus edulis                        811         90
Pseudocraterellus undulatus           808         89
Byssomerulius corium                  801         89
Schizophyllum commune                 792         88
Kuehneromyces mutabilis               787         88
Xylaria hypoxylon                     769         86
Daedalea quercina                     769         85
Laccaria amethystina                  763         85
Xerocomellus chrysenteron             761         85
Coprinus comatus                      760         84
Phlebia tremellosa                    751         84
Lepista nuda                          747         83
Parmelia sulcata                      747         83
Fomitopsis betulina                   742         82
Laccaria laccata                      739         82
Cerioporus varius                     727         81
Hygrocybe ceracea                     725         81
Phlebia radiata                       719         80
Psathyrella candolleana               714         79
Amanita rubescens                     713         79
Chondrostereum purpureum              702         78
Cerioporus squamosus                  700         78
Hymenopellis radicata                 698         78
Xanthoria parietina                   684         76
Lentinus brumalis                     683         76
Xerocomellus pruinatus                682         76
Hygrocybe conica                      670         75
Exidia nigricans                      665         74
Pholiota squarrosa                    663         74
Gliophorus psittacinus                654         72
Phaeolus schweinitzii                 652         72
Mucidula mucida                       648         72
Paxillus involutus                    644         72
Fuscoporia ferrea                     642         71
Russula ochroleuca                    638         71
Tricholoma scalpturatum               638         71
Cylindrobasidium evolvens             636         71
Phellinus pomaceus                    635         71
Paralepista flaccida                  630         70
Gloeophyllum sepiarium                620         69
Ramaria stricta                       616         69
Suillellus luridus                    615         68
Laetiporus sulphureus                 613         68
Tricholoma terreum                    611         68
Cantharellus cibarius                 605         68
Russula adusta                        604         68
Tricholomopsis rutilans               602         67
Dacrymyces stillatus                  594         66
Mycetinis alliaceus                   594         66
Lacrymaria lacrymabunda               593         66
Ganoderma pfeifferi                   592         66
Scleroderma citrinum                  589         66
Clitopilus prunulus                   588         65
Panellus stipticus                    585         65
Hygrocybe coccinea                    581         65
Coprinopsis picacea                   575         64
Amanita fulva                         575         64
Cuphophyllus pratensis                562         63
Cystoderma amianthinum                559         62
Chlorophyllum olivieri                558         62
Hygrophoropsis aurantiaca             558         62
Coprinellus disseminatus              551         61
Phallus impudicus                     551         61
Inocybe geophylla                     549         62
Hypoxylon fragiforme                  542         60
Mycena rosea                          538         60
Bolbitius titubans                    538         60
Exidia glandulosa                     535         60
Xylodon radula                        535         59
Jackrogersella multiformis            533         59
Pseudoclitocybe cyathiformis          531         59
Sarcoscypha austriaca                 525         58
Flammulina velutipes                  520         58
Boletus ferrugineus                   517         57
Armillaria ostoyae                    517         58
Ascocoryne sarcoides                  516         57
Ischnoderma resinosum                 516         57
Stropharia cyanea                     514         57
Heterobasidion annosum                514         57
Amanita excelsa                       512         57
Lycogala epidendrum                   510         57
Mycena crocata                        506         56
Mycena haematopus                     503         56
Clavulina rugosa                      501         56
Crepidotus mollis                     499         55
Schizopora paradoxa                   498         55
Hygrocybe acutoconica                 495         55
Cerioporus mollis                     491         55
Lactarius blennius                    490         55
Xanthoporia radiata                   484         54
Clavulina coralloides                 483         54
Galerina marginata                    483         54
Panellus serotinus                    482         54
Peniophora incarnata                  481         53
Agaricus campestris                   480         53
Fistulina hepatica                    472         53
Stereum subtomentosum                 472         52
Geastrum michelianum                  470         52
Stereum rugosum                       468         52
Psathyrella piluliformis              467         52
Marasmius oreades                     462         51
Coprinopsis atramentaria              460         51
Craterellus lutescens                 460         51
Skeletocutis nemoralis                459         51
Rickenella fibula                     451         50
Clitocybe fragrans                    450         50
Calocera viscosa                      448         50
Laccaria proxima                      448         50
Cladonia chlorophaea                  445         49
Calocera cornea                       444         49
Mycena epipterygia                    443         49
Lepiota cristata                      437         49
Ischnoderma benzoinum                 437         49
Agaricus arvensis                     437         49
Trametes ochracea                     436         49
Evernia prunastri                     436         48
Reticularia lycoperdon                435         48
Hyphodontia quercina                  429         48
Polyporus tuberaster                  426         47
Macrolepiota procera                  425         47
Postia caesia                         423         47
Hymenochaete rubiginosa               423         47
Lactarius quietus                     423         47
Hygrocybe chlorophana                 420         47
Russula cyanoxantha                   420         47
Megacollybia platyphylla              420         47
Volvopluteus gloiocephalus            414         46
Gymnopus dryophilus                   412         46
Caloboletus radicans                  409         46
Gymnopus confluens                    409         45
Tapinella atrotomentosa               406         45
Agaricus impudicus                    405         45
Mycena pura                           405         45
Phloeomana speirea                    404         45
Protostropharia semiglobata           401         45
Suillus luteus                        401         45
Agaricus xanthodermus                 401         45
Physcia tenella                       399         44
Lycoperdon nigrescens                 397         44
Exidia thuretiana                     395         44
Tricholoma sulphureum                 394         44
Bjerkandera fumosa                    393         44
Ramalina fastigiata                   392         44
Lepista personata                     391         43
Lenzites betulina                     389         43
Coprinopsis lagopus                   389         43
Agrocybe praecox                      385         43
Hypogymnia physodes                   384         43
Panaeolus papilionaceus               383         43
Nectria cinnabarina                   383         43
Thelephora terrestris                 382         42
Tubifera ferruginosa                  382         42
Pseudohydnum gelatinosum              380         42
Cortinarius elatior                   378         42
Marasmius rotula                      376         42
Hygrocybe punicea                     376         42
Trichaptum abietinum                  375         42
Hypholoma capnoides                   374         42
Myxarium nucleatum                    373         41
Postia ptychogaster                   373         41
Xylodon raduloides                    371         41
Bisporella citrina                    370         41
Pleurotus pulmonarius                 369         41
Pholiota gummosa                      368         41
Panaeolina foenisecii                 366         41
Hericium coralloides                  364         41
Cordyceps militaris                   364         41
Aleuria aurantia                      364         41
Russula vesca                         363         40
Rhodocollybia maculata                362         40
Gliophorus laetus                     358         40
Parasola conopilus                    357         40
Lentinus substrictus                  357         40
Hygrocybe cantharellus                354         39
Chalciporus piperatus                 353         39
Lactarius deterrimus                  352         39
Lycoperdon excipuliforme              352         39
Lactarius necator                     352         39
Jackrogersella cohaerens              352         39
Lecanora chlarotera                   349         39
Otidea onotica                        347         39
Strobilurus esculentus                347         39
Mycena galopus                        345         38
Echinoderma asperum                   340         38
Agaricus augustus                     337         38
Helvella lacunosa                     336         37
Calocybe gambosa                      336         37
Amanita phalloides                    335         37
Infundibulicybe geotropa              334         37
Hydnum repandum                       334         37
Lecidella elaeochroma                 331         36
Coniophora puteana                    331         37
Steccherinum ochraceum                328         36
Leucoagaricus nympharum               326         36
Mycena vitilis                        323         36
Hymenochaetopsis tabacina             322         36
Tylopilus felleus                     322         36
Hortiboletus bubalinus                321         36
Lactarius subdulcis                   320         36
Tricholoma argyraceum                 319         35
Crepidotus cesatii                    319         36
Mycena tintinnabulum                  319         36
Pluteus salicinus                     319         35
Amanita pantherina                    318         35
Lactarius rufus                       317         35
Lactarius pubescens                   317         35
Cortinarius largus                    316         35
Cortinarius malicorius                315         35
Cortinarius torvus                    314         35
Cortinarius semisanguineus            313         35
Suillus granulatus                    311         35
Cortinarius anserinus                 310         35
Leotia lubrica                        310         35
Boletus reticulatus                   309         34
Cortinarius flexipes                  309         34
Mycena leptocephala                   307         34
Cortinarius croceus                   305         34
Kretzschmaria deusta                  304         34
Agaricus sylvicola                    304         34
Crucibulum crucibuliforme             304         34
Lepista sordida                       302         34
Lyophyllum decastes                   302         33
Armillaria mellea                     299         33
Hypoxylon petriniae                   298         33
Pholiota adiposa                      298         33
Fuligo septica                        297         33
Hortiboletus rubellus                 293         33
Xerocomellus cisalpinus               292         33
Xylaria polymorpha                    291         32
Ascocoryne cylichnium                 290         32
Gymnopus peronatus                    290         32
Abortiporus biennis                   289         32
Pycnoporellus fulgens                 288         32
Caloboletus calopus                   288         32
Hypholoma marginatum                  286         32
Sparassis crispa                      285         32
Physcia adscendens                    283         32
Neoantrodia serialis                  283         31
Russula paludosa                      282         31
Typhula fistulosa                     282         31
Ramalina farinacea                    281         31
Suillus cavipes                       281         31
Baeospora myosura                     280         31
Butyriboletus appendiculatus          279         31
Mycena pelianthina                    279         31
Mycena polygramma                     278         31
Mutinus caninus                       278         31
Mensularia nodulosa                   277         31
Lactarius helvus                      277         31
Lycoperdon utriforme                  277         31
Lactarius tabidus                     276         31
Russula xerampelina                   276         31
Russula depallens                     272         30
Phlyctis argena                       271         30
Ganoderma adspersum                   270         30
Bulgaria inquinans                    268         30
Marasmiellus ramealis                 268         30
Lycoperdon pratense                   267         30
Xylodon sambuci                       266         30
Lecanora muralis                      265         30
Pseudoinonotus dryadeus               265         29
Cortinarius anomalus                  265         29
Strobilomyces strobilaceus            264         29
Radulomyces confluens                 264         29
Pithya vulgaris                       264         29
Xylaria longipes                      263         29
Gomphidius glutinosus                 263         29
Hygrophorus pustulatus                262         29
Lactarius deliciosus                  261         29
Picipes badius                        261         29
Panellus mitis                        261         29
Eutypa spinosa                        261         29
Suillus bovinus                       261         29
Skeletocutis amorpha                  258         29
Agaricus bitorquis                    257         29
Scleroderma verrucosum                257         29
Candelariella vitellina               256         28
Hygrocybe reidii                      256         29
Serpula himantioides                  256         28
Hypholoma lateritium                  256         28
Deconica horizontalis                 255         28
Entoloma serrulatum                   253         28
Chlorophyllum rachodes                253         28
Russula rosea                         253         28
Clitocybe gibba                       253         28
Mycena sanguinolenta                  251         28
Hapalopilus rutilans                  249         28
Ganoderma lucidum                     249         28
Peltigera hymenina                    249         28
Leucoagaricus leucothites             249         28
Suillus grevillei                     247         27
Mycena inclinata                      247         27
Antrodia xantha                       246         27
Hygrocybe insipida                    245         27
Mycena pseudocorticola                245         27
Calvatia gigantea                     245         27
Gliophorus irrigatus                  244         27
Leccinum versipelle                   244         27
Vuilleminia comedens                  244         27
Suillus variegatus                    244         27
Clavulinopsis corniculata             243         27
Clitocybe metachroa                   242         27
Cladonia portentosa                   241         27
Cortinarius alboviolaceus             241         27
Psathyrella spadiceogrisea            239         27
Lecanora rupicola                     239         27
Tricholoma fulvum                     238         27
Phellinus populicola                  238         27
Russula praetervisa                   238         26
Xerocomellus porosporus               238         26
Lentinellus ursinus                   237         26
Phaeophyscia orbicularis              236         26
Lichenomphalia umbellifera            234         26
Lactarius pyrogalus                   234         26
Russula atropurpurea                  234         26
Pleurotus dryinus                     234         26
Russula olivacea                      234         26
Scutellinia scutellata                232         26
Arrhenia retiruga                     232         26
Russula solaris                       232         26
Phellinopsis conchata                 232         26
Glutinoglossum glutinosum             231         26
Tricholoma ustale                     230         26
Dacrymyces lacrymalis                 229         26
Auriscalpium vulgare                  227         25
Cladonia scabriuscula                 227         25
Craterellus cornucopioides            226         25
Melanelixia fuliginosa                226         26
Melanelixia subaurifera               225         25
Rickenella swartzii                   223         25
Cladonia furcata                      220         24
Russula queletii                      220         24
Hygrophorus eburneus                  219         24
Psilocybe coronilla                   219         24
Entoloma clypeatum                    219         24
Cladonia floerkeana                   218         24
Hypoxylon fuscum                      218         24
Gymnopus perforans                    217         24
Lactarius pallidus                    217         24
Agrocybe pediades                     216         24
Ceratiomyxa fruticulosa               214         24
Chlorociboria aeruginascens           214         24
Tyromyces lacteus                     214         24
Leucopaxillus giganteus               214         24
Amanita porphyria                     214         24
Discina ancilis                       213         24
Cortinarius bolaris                   212         24
Leccinum variicolor                   211         24
Amanita virosa                        211         24
Hemileucoglossum elongatum            211         24
Peziza varia                          208         23
Oligoporus alni                       208         23
Amanita gemmata                       207         23
Lactarius torminosus                  207         23
Macrolepiota mastoidea                207         23
Mycena metata                         206         23
Atheniella flavoalba                  206         23
Resinicium bicolor                    205         23
Cuphophyllus flavipes                 203         23
Dermoloma cuneifolium                 203         23
Cladonia fimbriata                    202         22
Pseudevernia furfuracea               202         23
Phaeoclavulina eumorpha               202         22
Physisporinus vitreus                 202         23
Gymnopus aquosus                      201         22
Parmelia saxatilis                    201         22
Oxyporus populinus                    201         22
Russula claroflava                    200         22
Encoelia furfuracea                   200         22
Russula violeipes                     200         22
Tubaria conspersa                     200         22
Crepidotus variabilis                 199         22
Cyathus striatus                      198         22
Phellinus igniarius                   197         22
Physcia caesia                        197         22
Mycena arcangeliana                   196         22
Amanita citrina                       195         22
Mycena aetites                        195         22
Pluteus phlebophorus                  195         22
Deconica montana                      193         21
Melanoleuca cognata                   193         21
Gloeoporus taxicola                   193         22
Acarospora fuscata                    193         22
Leccinum aurantiacum                  193         22
Mycena olivaceomarginata              192         21
Scytinostroma hemidichophyticum        192         21
Tulostoma brumale                     190         21
Hygrocybe nitrata                     190         21
Ampulloclitocybe clavipes             189         21
Lepiota magnispora                    188         21
Stereum sanguinolentum                187         21
Grifola frondosa                      187         21
Russula fragilis                      186         21
Rhytisma acerinum                     186         21
Geoglossum fallax                     186         21
Russula chloroides                    186         21
Cladonia rangiformis                  185         21
Trichaptum fuscoviolaceum             185         21
Paxillus obscurisporus                185         21
Pluteus romellii                      184         20
Resupinatus trichotis                 184         20
Botryobasidium aureum                 183         20
Hygrophorus olivaceoalbus             182         20
Helvella elastica                     182         20
Scleroderma areolatum                 182         20
Coltricia perennis                    182         20
Cyanoboletus pulverulentus            182         20
Neobulgaria pura                      181         20
Chrysomphalina grossula               181         20
Gloeophyllum odoratum                 181         20
Inonotus obliquus                     180         20
Clitopilus hobsonii                   180         20
Lactarius fluens                      179         20
Boletus subtomentosus                 178         20
Lepiota castanea                      178         20
Diatrype disciformis                  178         20
Panaeolus acuminatus                  177         20
Bispora antennata                     177         20
Macrolepiota excoriata                176         20
Cladonia ramulosa                     176         20
Steccherinum fimbriatum               176         20
Russula velenovskyi                   176         20
Russula risigallina                   175         19
Cortinarius rubellus                  175         20
Paxillus filamentosus                 175         20
Lentinellus cochleatus                175         20
Pholiota lenta                        175         20
Hebeloma mesophaeum                   175         20
Cladonia diversa                      175         19
Cortinarius infractus                 174         19
Coprinopsis nivea                     172         19
Tephromela atra                       172         19
Clitocybe phyllophila                 172         19
Mycena tenerrima                      172         19
Panaeolus semiovatus                  171         19
Gyromitra esculenta                   170         19
Russula foetens                       170         19
Lecanora albescens                    168         19
Russula grata                         168         19
Hemipholiota populnea                 168         19
Lactarius aurantiacus                 168         19
Volvariella bombycina                 168         19
Tolypocladium ophioglossoides         167         19
Rigidoporus sanguinolentus            166         19
Mycoacia uda                          166         19
Lactarius vellereus                   166         18
Lactarius romagnesii                  165         18
Lactarius camphoratus                 165         18
Leccinum cyaneobasileucum             165         18
Russula nobilis                       165         18
Calloria neglecta                     165         18
Hypogymnia tubulosa                   164         18
Russula densifolia                    164         18
Russula cessans                       164         18
Platismatia glauca                    163         18
Agaricus sylvaticus                   162         18
Erythricium aurantiacum               162         18
Laccaria bicolor                      162         18
Gymnopus fusipes                      161         18
Lycoperdon echinatum                  161         18
Leucocybe connata                     161         18
Peltigera membranacea                 161         18
Russula heterophylla                  160         18
Russula aurora                        160         18
Exidia recisa                         159         18
Hericium cirrhatum                    159         18
Hydropus subalpinus                   159         18
Inocybe sindonia                      159         18
Lactarius circellatus                 158         18
Mycena abramsii                       158         18
Daldinia concentrica                  158         18
Lobaria pulmonaria                    157         17
Flammulina elastica                   157         18
Cortinarius obtusus                   157         17
Buglossoporus quercinus               157         17
Mycena acicula                        157         18
Mycena filopes                        157         17
Conocybe aporos                       157         18
Micarea lignaria                      157         18
Omphalina pyxidata                    157         18
Lactarius vietus                      157         18
Trichoderma europaeum                 157         18
Clavariadelphus pistillaris           157         17
Clavulinopsis helvola                 156         17
Inocybe napipes                       156         17
Inonotus cuticularis                  155         17
Galerina paludosa                     154         17
Clitocybe odora                       154         17
Russula aeruginea                     153         17
Psathyrella multipedata               153         17
Cladonia uncialis                     153         17
Hebeloma radicosum                    151         17
Lachnella alboviolascens              151         17
Entoloma prunuloides                  151         17
Rutstroemia firma                     148         16
Russula virescens                     148         17
Stropharia aeruginosa                 148         16
Russula nitida                        148         17
Leratiomyces squamosus                148         16
Erysiphe alphitoides                  148         16
Lepiota erminea                       148         17
Clitocybe rivulosa                    148         17
Macrocystidia cucumis                 147         16
Cortinarius trivialis                 147         16
Lycoperdon lividum                    146         16
Pholiota flammans                     146         16
Entoloma conferendum                  146         16
Tapinella panuoides                   146         16
Russula emetica                       146         16
Crinipellis scabella                  143         16
Atheniella adonis                     143         16
Peniophora limitata                   143         16
Lepista panaeolus                     143         16
Gymnosporangium clavariiforme         143         16
Pycnoporus cinnabarinus               143         16
Puccinia malvacearum                  141         16
Conocybe apala                        141         16
Ganoderma resinaceum                  141         16
Hygrophorus discoxanthus              140         16
Skeletocutis carneogrisea             140         16
Hortiboletus engelii                  140         16
Phyllotopsis nidulans                 140         16
Helvella acetabulum                   139         15
Laxitextum bicolor                    139         15
Russula fellea                        139         16
Puccinia punctiformis                 139         16
Amanita ceciliae                      139         16
Lecanora carpinea                     139         16
Macrotyphula juncea                   139         16
Exidiopsis effusa                     139         15
Rubroboletus satanas                  139         16
Peltigera didactyla                   139         16
Amanita strobiliformis                138         15
Hygrocybe glutinipes                  138         15
Tubaria dispersa                      138         15
Sabuloglossum arenarium               138         15
Mycena rubromarginata                 138         15
Geastrum fimbriatum                   134         15
Hygrocybe russocoriacea               134         15
Scleroderma bovista                   134         15
Spathularia flavida                   133         15
Melogramma spiniferum                 132         15
Inocybe petiginosa                    132         15
Pleurosticta acetabulum               131         15
Dumontinia tuberosa                   131         15
Orbilia xanthostigma                  130         14
Lactarius fulvissimus                 130         15
Cladonia humilis                      130         14
Hygrophorus agathosmus                130         15
Uromyces ficariae                     130         14
Peniophora lycii                      130         15
Agaricus dulcidulus                   130         14
Porphyrellus porphyrosporus           130         14
Hygrocybe helobia                     130         14
Cortinarius sanguineus                130         15
Phlebia subochracea                   130         15
Russula amoenolens                    130         14
Hypocreopsis lichenoides              129         14
Disciotis venosa                      129         14
Phellodon tomentosus                  129         15
Pertusaria pertusa                    129         14
Glyphium elatum                       128         14
Polyporus umbellatus                  128         14
Hygrocybe coccineocrenata             128         14
Morchella esculenta                   128         14
Pluteus umbrosus                      127         14
Sphagnurus paluster                   127         14
Panus conchatus                       127         14
Cladonia coniocraea                   127         14
Clavaria argillacea                   126         14
Ascotremella faginea                  126         14
Russula nauseosa                      126         14
Pseudoboletus parasiticus             126         14
Trichoderma aureoviride               126         14
Russula ionochlora                    125         14
Antrodiella serpula                   125         14
Mycena meliigena                      125         14
Clitopilus geminus                    125         14
Gomphidius roseus                     125         14
Exidia pithya                         125         14
Rugosomyces carneus                   124         14
Psathyrella bipellis                  124         14
Cladonia glauca                       124         14
Geopora sumneriana                    124         14
Lactarius controversus                124         14
Hydnellum concrescens                 123         14
Mitrula paludosa                      123         14
Cortinarius hemitrichus               123         14
Cortinarius caerulescens              123         14
Entoloma sericeum                     123         14
Parmotrema perlatum                   123         14
Vuilleminia coryli                    123         14
Tricholoma lascivum                   122         14
Trichoglossum hirsutum                122         14
Arrhenia peltigerina                  122         14
Leccinum albostipitatum               122         14
Gymnosporangium sabinae               122         14
Russula graveolens                    122         14
Entoloma cetratum                     122         14
Gymnopus androsaceus                  121         13
Hemimycena lactea                     121         13
Diatrype bullata                      121         13
Diatrype decorticata                  121         14
Chlorophyllum brunneum                121         14
Hydnum rufescens                      121         13
Russula sardonia                      121         14
Asterophora parasitica                121         13
Xanthoria calcicola                   121         13
Lactarius hepaticus                   120         13
Entoloma rhodopolium                  120         13
Pleurocybella porrigens               120         13
Parmelia submontana                   120         13
Geoglossum cookeanum                  120         13
Russula romellii                      120         13
Phragmidium violaceum                 120         13
Collybia cookei                       119         13
Cladonia ciliata                      119         13
Amanita submembranacea                119         13
Hygrophorus hypothejus                119         13
Suillus viscidus                      119         13
Phleogena faginea                     118         13
Hygrocybe phaeococcinea               118         13
Cortinarius citrinus                  118         13
Diatrypella quercina                  118         13
Parasola lactea                       118         13
Phlebiopsis gigantea                  117         13
Russula parazurea                     116         13
Cinereomyces lindbladii               116         13
Cladonia gracilis                     116         13
Cheilymenia granulata                 116         13
Melanohalea exasperatula              116         13
Russula betularum                     115         13
Fomitiporia punctata                  115         13
Xylaria carpophila                    114         13
Physconia perisidiosa                 114         13
Cortinarius hinnuleus                 113         13
Pholiota jahnii                       113         13
Resupinatus applicatus                113         13
Tricholoma equestre                   113         13
Coprinellus domesticus                113         13
Puccinia urticata                     112         13
Melanoleuca grammopodia               112         12
Mycena cinerella                      112         13
Inocybe mixtilis                      112         12
Urocystis eranthidis                  112         13
Punctelia subrudecta                  112         12
Russula puellaris                     112         12
Cladonia foliacea                     111         12
Hypomyces aurantius                   111         12
Bovista plumbea                       111         12
Clavaria falcata                      111         12
Peziza vesiculosa                     110         12
Leccinum duriusculum                  110         12
Uromyces dactylidis                   110         12
Tricholoma stiparophyllum             110         12
Cyclocybe erebia                      110         12
Lactarius volemus                     110         12
Hypoxylon macrocarpum                 110         12
Tremella encephala                    109         12
Mycetinis scorodonius                 109         12
Propolis farinosa                     109         12
Lactarius glyciosmus                  109         12
Peltigera canina                      108         12
Picipes tubaeformis                   108         12
Lepiota clypeolaria                   108         12
Peniophora polygonia                  108         12
Ramaria botrytis                      108         12
Ascodichaena rugosa                   107         12
Protomyces macrosporus                107         12
Lecanora campestris                   107         12
Conocybe arrhenii                     107         12
Galerina pumila                       107         12
Inocutis rheades                      107         12
Agaricus bernardii                    106         12
Humaria hemisphaerica                 106         12
Xanthoria polycarpa                   106         12
Tricholoma saponaceum                 106         12
Clavulinopsis luteoalba               106         12
Marasmius wynneae                     106         12
Cystolepiota seminuda                 106         12
Xanthoparmelia conspersa              105         12
Auricularia mesenterica               105         12
Cortinarius sphagnophilus             105         12
Tricholoma cingulatum                 105         12
Lachnum impudicum                     105         12
Badhamia utricularis                  105         12
Phloeomana hiemalis                   104         12
Tricholoma orirubens                  104         12
Entoloma griseocyaneum                104         12
Chroogomphus rutilus                  104         12
Amanita crocea                        104         12
Inocybe whitei                        104         12
Galerina sideroides                   103         11
Melanoleuca friesii                   103         12
Lactarius piperatus                   103         12
Otidea bufonia                        103         11
Alboleptonia sericella                102         11
Coprinopsis romagnesiana              102         11
Amanita vaginata                      102         11
Agrocybe dura                         102         11
Gamundia striatula                    101         11
Lactarius quieticolor                 101         11
Mollisia cinerea                      100         11
Athelia epiphylla                     100         11
Stropharia rugosoannulata             100         11
Geastrum pectinatum                   100         11
Mycena capillaris                     100         11
Mycena diosma                         100         11
Inocybe asterospora                    99         11
Inocybe fuscidula                      99         11
Russula versicolor                     99         11
Lecanora polytropa                     99         11
Rhizomarasmius setosus                 99         11
Entoloma chalybeum                     99         11
Lactarius ruginosus                    99         11
Gymnopus ocior                         98         11
Roseodiscus formosus                   98         11
Cetraria aculeata                      98         11
Cortinarius balteatocumatilis          98         11
Polysporina simplex                    97         11
Cortinarius livido-ochraceus           97         11
Flammulaster carpophilus               97         11
Pseudoplectania nigrella               97         11
Arrhenia spathulata                    97         11
Galerina clavata                       96         11
Parasola auricoma                      96         11
Lactarius pterosporus                  96         11
Suillus collinitus                     96         11
Entoloma lividoalbum                   96         11
Capitotricha bicolor                   96         11
Crepidotus luteolus                    95         11
Lachnum virgineum                      95         11
Inocybe flocculosa                     95         11
Hygrocybe splendidissima               95         11
Circinaria contorta                    95         11
Hygrophorus penarius                   95         11
Phanerochaete velutina                 95         11
Hebeloma sinapizans                    94         10
Stereum gausapatum                     94         11
Tarzetta cupularis                     94         11
Mycena stipata                         94         10
Hyphoderma setigerum                   94         10
Hygrophorus pallidus                   94         10
Cantharellus amethysteus               94         10
Fuscoporia ferruginosa                 94         11
Thelephora palmata                     94         11
Trichoderma pulvinatum                 94         10
Mycena amicta                          93         10
Pluteus podospileus                    93         10
Cladonia ochrochlora                   93         10
Cetraria islandica                     93         10
Suillellus queletii                    92         10
Psathyrella cotonea                    92         10
Taphrina alni                          92         10
Camarops polysperma                    92         10
Russula veternosa                      92         10
Naucoria scolecina                     91         10
Phaeotremella foliacea                 91         10
Cystoderma carcharias                  91         10
Calocera furcata                       90         10
Thelephora penicillata                 90         10
Phellodon niger                        90         10
Lepiota grangei                        90         10
Entoloma hebes                         90         10
Neolentinus lepideus                   89         10
Cortinarius cinnabarinus               89         10
Ochrolechia parella                    89         10
Plasmopara nivea                       89         10
Russula decolorans                     89         10
Paxillus ammoniavirescens              88         10
Ceriporia excelsa                      88         10
Illosporiopsis christiansenii          88         10
Cortinarius elegantissimus             88         10
Clitocybe squamulosa                   88         10
Delicatula integrella                  87         10
Hericium erinaceus                     87         10
Cortinarius barbatus                   87         10
Cystoderma jasonis                     87         10
Gyromitra infula                       87         10
Rhizopogon obtextus                    87         10
Graphis scripta                        87         10
Parasola schroeteri                    86         10
Xanthoparmelia verruculifera           86         10
Melanoleuca polioleuca                 86         10
Pluteus nanus                          86         10
Stropharia hornemannii                 85         10
Gyroporus cyanescens                   85         10
Antrodia ramentacea                    85          9
Cladonia subulata                      85          9
Cladonia digitata                      85          9
Gyrodon lividus                        85         10
Geoglossum umbratile                   85         10
Chromocyphella muscicola               85         10
Entoloma undatum                       84          9
Puccinia festucae                      84          9
Mycena citrinomarginata                84          9
Cortinarius purpurascens               84          9
Cudoniella acicularis                  84          9
Psilocybe semilanceata                 84          9
Cortinarius delibutus                  84          9
Cortinarius violaceus                  84          9
Russula faginea                        83          9
Metatrichia floriformis                83          9
Entoloma incanum                       83          9
Bovista nigrescens                     83          9
Taphrina betulina                      83          9
Gyromitra gigas                        83          9
Lactarius acris                        83          9
Hypoxylon howeanum                     83          9
Clitocybe vibecina                     83          9
Lepiota felina                         83          9
Hygrocybe quieta                       82          9
Dictydiaethalium plumbeum              82          9
Perenniporia fraxinea                  82          9
Puccinia aegopodii                     82          9
Strobilurus tenacellus                 82          9
Russula delica                         81          9
Cortinarius alcalinophilus             81          9
Pholiota conissans                     81          9
Pluteus plautus                        81          9
Hygrophorus unicolor                   81          9
Tricholoma portentosum                 81          9
Cantharellus cinereus                  81          9
Sphaerobolus stellatus                 81          9
Sebacina grisea                        81          9
Leccinellum pseudoscabrum              81          9
Cuphophyllus colemannianus             80          9
Nemania serpens                        80          9
Mycena purpureofusca                   80          9
Xylodon crustosus                      80          9
Nectria peziza                         80          9
Hypholoma elongatum                    80          9
Pluteus thomsonii                      79          9
Collybia cirrhata                      79          9
Inonotus hispidus                      79          9
Hygrophorus chrysodon                  79          9
Marasmius epiphylloides                79          9
Scopuloides rimosa                     79          9
Tricholoma columbetta                  79          9
Russula odorata                        79          9
Entoloma sericatum                     79          9
Cortinarius caperatus                  79          9
Mycena stylobates                      79          9
Leccinum vulpinum                      78          9
Lactarius chrysorrheus                 78          9
Hygrocybe spadicea                     78          9
Byssonectria terrestris                78          9
Galerina hypnorum                      78          9
Trichia varia                          77          9
Tricholoma sejunctum                   77          9
Parasola kuehneri                      77          9
Agaricus litoralis                     76          9
Gloioxanthomyces vitellinus            76          9
Ciboria amentacea                      76          8
Inocybe lanuginosa                     76          8
Inocybe curvipes                       76          9
Hypotrachyna revoluta                  76          8
Pluteus atromarginatus                 76          8
Elaphomyces muricatus                  76          8
Cortinarius triumphans                 76          9
Camarophyllopsis schulzeri             76          9
Ramaria sanguinea                      76          9
Peniophorella pubera                   76          9
Marasmius bulliardii                   76          8
Neonectria coccinea                    76          8
Tranzschelia anemones                  76          8
Puccinia poarum                        76          8
Schizophyllum amplum                   75          8
Russula silvestris                     75          8
Psathyrella typhae                     75          8
Laccaria tortilis                      75          8
Lepiota subincarnata                   75          8
Phlebia rufa                           75          8
Lophodermium pinastri                  75          8
Cortinarius foetens                    75          8
Exobasidium vaccinii                   75          8
Clitocybe costata                      75          8
Exidia saccharina                      75          8
Coprinopsis stercorea                  74          8
Agaricus langei                        74          8
Russula illota                         74          8
Lecanora dispersa                      74          8
Bogbodia uda                           74          8
Mitrophora semilibera                  74          8
Lacrymaria pyrotricha                  74          8
Mycena flavescens                      74          8
Gyroporus castaneus                    74          8
Conocybe subpubescens                  74          8
Cladonia macilenta                     74          8
Gelatoporia dichroa                    73          8
Cuphophyllus fornicatus                73          8
Leptosphaeria acuta                    73          8
Puccinia coronata                      73          8
Pluteus pouzarianus                    73          8
Entoloma neglectum                     73          8
Tulasnella violea                      73          8
Panaeolus fimicola                     73          8
Otidea alutacea                        72          8
Mycena chlorantha                      72          8
Cladonia polydactyla                   72          8
Usnea hirta                            72          8
Melanophyllum haematospermum           72          8
Macrolepiota fuliginosa                72          8
Tricholoma album                       72          8
Tricholoma atrosquamosum               72          8
Trichoderma strictipile                72          8
Psathyrella pseudogracilis             72          8
Paralepista gilva                      72          8
Spinellus fusiger                      72          8
Boletus aereus                         71          8
Dacryobolus karstenii                  71          8
Lecidea fuscoatra                      71          8
Clavulina cinerea                      71          8
Neottiella rutilans                    71          8
Phellinus tremulae                     71          8
Marasmius torquescens                  70          8
Inocybe lacera                         70          8
Dissingia leucomelaena                 70          8
Trichoderma citrinum                   70          8
Galerina graminea                      70          8
Russula grisea                         70          8
Dendrothele acerina                    70          8
Verrucaria nigrescens                  70          8
Inocybe stellatospora                  70          8
Rhopographus filicinus                 70          8
Diatrypella favacea                    70          8
Fomitiporia hippophaeicola             69          8
Lepista irina                          69          8
Galerina hybrida                       69          8
Russula integra                        69          8
Parasola plicatilis                    69          8
Arrhenia chlorocyanea                  69          8
Russula sanguinea                      69          8
Marasmiellus vaillantii                69          8
Tricholoma imbricatum                  68          7
Ramalina fraxinea                      68          8
Sarcoscypha coccinea                   68          7
Agaricus cupreobrunneus                68          8
Psathyrella microrhiza                 68          7
Galerina vittiformis                   68          7
Helminthosphaeria clavariarum          68          7
Pholiota tuberculosa                   68          8
Sarcodon squamosus                     68          8
Rhizocarpon lecanorinum                68          7
Microbotryum stellariae                68          7
Hebeloma leucosarx                     68          8
Melastiza cornubiensis                 68          8
Lactarius acerrimus                    68          7
Cortinarius subtortus                  68          8
Sistotrema brinkmannii                 68          7
Coleosporium tussilaginis              67          7
Tyromyces chioneus                     67          7
Bertia moriformis                      67          7
Crepidotus caspari                     67          7
Comatricha nigra                       67          8
Phaeomarasmius erinaceus               67          7
Rubroboletus legaliae                  67          7
Typhula setipes                        67          8
Coprinellus xanthothrix                67          7
Ripartites tricholoma                  67          7
Ceriporiopsis gilvescens               67          8
Hymenoscyphus fructigenus              67          7
Echinosphaeria canescens               67          7
Lecidella scabra                       66          7
Hymenoscyphus serotinus                66          7
Leucocoprinus straminellus             66          7
Naucoria escharioides                  66          7
Xylodon flaviporus                     66          7
Neofuscelia loxodes                    66          7
Polydesmia pruinosa                    66          7
Odoria alborubescens                   65          7
Ramaria fagetorum                      65          7
Limacella guttata                      65          7
Tricholoma populinum                   65          7
Rhizocarpon geographicum               65          7
Agaricus moelleri                      65          7
Aureoboletus gentilis                  64          7
Pluteus petasatus                      64          7
Asterophora lycoperdoides              64          7
Xylodon nespori                        64          7
Entoloma rhodocylix                    64          7
Galerina mniophila                     64          7
Clathrus archeri                       64          7
Russula laccata                        64          7
Cortinarius cliduchus                  63          7
Gloeoporus pannocinctus                63          7
Phaeoclavulina abietina                63          7
Hygrophoropsis rufa                    63          7
Pholiota alnicola                      63          7
Russula pseudointegra                  63          7
Cortinarius croceocoeruleus            63          7
Boletus pinophilus                     63          7
Cortinarius turgidus                   63          7
Hydnum ellipsosporum                   63          7
Russula caerulea                       62          7
Agrocybe rivulosa                      62          7
Entoloma pleopodium                    62          7
Pluteus leoninus                       62          7
Lactarius rubrocinctus                 62          7
Neodasyscypha cerina                   62          7
Cortinarius vulpinus                   61          7
Amylostereum chailletii                61          7
Chaetosphaerella phaeostroma           61          7
Entoloma exile                         61          7
Mycena belliae                         61          7
Mycena pterigena                       61          7
Arcyria denudata                       61          7
Hygrocybe ovina                        61          7
Parasola misera                        61          7
Tricholoma vaccinum                    61          7
Phellodon confluens                    60          7
Ochrolechia frigida                    60          7
Helvella macropus                      60          7
Melampsora populnea                    60          7
Flavoparmelia caperata                 60          7
Puccinia sessilis                      60          7
Stropharia pseudocyanea                60          7
Pseudoclitocybe expallens              60          7
Leucocybe candicans                    59          7
Hymenoscyphus calyculus                59          6
Haematomma ochroleucum                 59          6
Hypomyces microspermus                 59          7
Cumminsiella mirabilissima             59          6
Ceriporia purpurea                     59          6
Caloplaca decipiens                    59          6
Psathyrella corrugis                   59          6
Buchwaldoboletus lignicola             59          6
Hygrocybe substrangulata               59          7
Lactarius lilacinus                    59          6
Hygrocybe calciphila                   59          7
Ramaria pallida                        59          7
Bolbitius coprophilus                  59          6
Amylostereum laevigatum                59          7
Bisporella pallescens                  59          6
Candelariella aurella                  59          7
Aleurodiscus amorphus                  59          6
Gloiothele lactescens                  59          7
Ceriporiopsis resinascens              59          6
Byssocorticium atrovirens              59          7
Volvariella surrecta                   59          6
Pucciniastrum areolatum                58          6
Aureoboletus projectellus              58          6
Agaricus subperonatus                  58          6
Entoloma sordidulum                    58          6
Ciboria rufofusca                      58          6
Volvariella murinella                  58          6
Geastrum schmidelii                    58          6
Phanerochaete sordida                  58          6
Hemileccinum impolitum                 58          6
Cortinarius emollitoides               58          6
Physconia enteroxantha                 57          6
Phallus hadriani                       57          6
Cerrena unicolor                       57          6
Melanomma pulvis-pyrius                57          6
Cetraria muricata                      57          6
Cortinarius vernus                     57          6
Rhizina undulata                       57          6
Geastrum striatum                      57          6
Pholiota highlandensis                 57          6
Cystodermella cinnabarina              57          6
Hebeloma crustuliniforme               56          6
Eriopezia caesia                       56          6
Diaporthopsis urticae                  56          6
Hemitrichia clavata                    55          6
Sawadaea bicornis                      55          6
Vuilleminia cystidiata                 55          6
Taphrina pruni                         55          6
Lactarius trivialis                    55          6
Mniaecia jungermanniae                 55          6
Loweomyces wynneae                     55          6
Hysterium acuminatum                   54          6
Tricholoma frondosae                   54          6
Lanzia echinophila                     54          6
Galerina jaapii                        54          6
Parmelia ernstiae                      54          6
Panaeolus olivaceus                    54          6
Clitocella popinalis                   54          6
Hydnum umbilicatum                     54          6
Agaricus brunneolus                    54          6
Hydnellum aurantiacum                  54          6
Peniophora cinerea                     54          6
Russula sororia                        54          6
Hypoxylon rubiginosum                  54          6
Russula acrifolia                      54          6
Brevicellicium olivascens              54          6
Trochila ilicina                       53          6
Naucoria bohemica                      53          6
Hebeloma theobrominum                  53          6
Platygloea disciformis                 53          6
Clavaria tenuipes                      53          6
Hapalopilus croceus                    53          6
Puccinia violae                        53          6
Mycena capillaripes                    53          6
Lactarius serifluus                    53          6
Microglossum olivaceum                 53          6
Cyathus olla                           53          6
Lentinus tigrinus                      52          6
Phragmidium rubi-idaei                 52          6
Mycena clavularis                      52          6
Russula subrubens                      52          6
Lasiosphaeria ovina                    52          6
Peltigera neckeri                      52          6
Hebeloma sacchariolens                 52          6
Clavulinopsis laeticolor               51          6
Didymium squamulosum                   51          6
Hygrocybe mucronella                   51          6
Pluteus semibulbosus                   51          6
Cortinarius talus                      51          6
Peziza fimeti                          51          6
Hemimycena cucullata                   51          6
Mucilago crustacea                     51          6
Eutypella quaternata                   51          6
Cortinarius limonius                   51          6
Hygrocybe conicoides                   51          6
Coprinellus flocculosus                51          6
Baeomyces rufus                        51          6
Mycena megaspora                       51          6
Cortinarius bergeronii                 50          5
Eutypella sorbi                        50          5
Lachnellula subtilissima               50          6
Arthonia radiata                       50          6
Russula melliolens                     50          5
Sarcodon imbricatus                    50          6
Lecanora sulphurea                     50          5
Nodulisporium cecidiogenes             50          6
Galerina atkinsoniana                  50          5
Hypomyces chrysospermus                50          5
Melanoleuca verrucipes                 50          6
Entocybe nitida                        50          6
Inocybe cincinnata                     50          6
Ceraceomyces serpens                   50          5
Physcia dubia                          50          5
Tuber aestivum                         50          6
Patellaria atrata                      50          6
Mycena silvae-nigrae                   50          5
Mycena erubescens                      50          6
Amanita franchetii                     50          6
Peziza badia                           50          6
Puccinia pulverulenta                  50          5
Hydnellum lepidum                      50          6
Phaeohelotium fagineum                 50          6
Cortinarius luhmannii                  50          5
Mycena renati                          49          5
Puccinia porri                         49          5
Cortinarius caninus                    49          5
Arrhenia gerardiana                    49          5
Tuckermannopsis chlorophylla           49          5
Clitocybe agrestis                     49          5
Leccinellum crocipodium                49          5
Tricholoma aurantium                   49          5
Sagaranella tylicolor                  49          5
Ochropsora ariae                       49          5
Tricholoma focale                      48          5
Xanthoriicola physciae                 48          5
Russula viscida                        48          5
Holwaya mucida                         48          5
Puccinia phragmitis                    48          5
Peniophora rufomarginata               48          5
Phylloporus pelletieri                 48          5
Volvariella hypopithys                 48          5
Stemonitis axifera                     48          5
Xenasmatella vaga                      48          5
Xanthoria candelaria                   48          5
Coprinopsis ephemeroides               48          5
Entocybe turbida                       48          5
Deconica crobula                       48          5
Hohenbuehelia fluxilis                 48          5
Lactarius scoticus                     48          5
Panaeolus cinctulus                    47          5
Russula roseoaurantia                  47          5
Crepidotus epibryus                    47          5
Porpolomopsis calyptriformis           47          5
Physcia aipolia                        47          5
Stereocaulon saxatile                  47          5
Cortinarius uliginosus                 47          5
Leocarpus fragilis                     47          5
Cortinarius olearioides                47          5
Geoglossum atropurpureum               47          5
Cantharellus melanoxeros               47          5
Flammulaster granulosus                47          5
Hygrocybe ingrata                      47          5
Russula cuprea                         47          5
Junghuhnia nitida                      47          5
Hyphodontia arguta                     47          5
Physarum album                         47          5
Clitopilus caelatus                    46          5
Mucronella flava                       46          5
Tephrocybe rancida                     46          5
Trapelia placodioides                  46          5
Lactarius lignyotus                    46          5
Phloeomana minutula                    46          5
Gomphus clavatus                       46          5
Pluteus primus                         46          5
Urocystis anemones                     46          5
Suillus flavidus                       46          5
Cosmospora arxii                       46          5
Lactarius evosmus                      46          5
Corticium roseum                       46          5
Cortinarius saturninus                 46          5
Typhula contorta                       45          5
Sidera vulgaris                        45          5
Aurantiporus fissilis                  45          5
Clitocybe phaeophthalma                45          5
Phellinus laevigatus                   45          5
Cortinarius armillatus                 45          5
Cortinarius aprinus                    45          5
Dichomitus campestris                  45          5
Tulostoma fimbriatum                   45          5
Phragmidium tuberculatum               45          5
Brefeldia maxima                       45          5
Cyathicula cyathoidea                  45          5
Circinaria caesiocinerea               45          5
Colpoma quercinum                      45          5
Hebeloma laterinum                     44          5
Lactarius aspideus                     44          5
Gymnopus erythropus                    44          5
Mycetinis querceus                     44          5
Entoloma incarnatofuscescens           44          5
Simocybe sumptuosa                     44          5
Pluteus cinereofuscus                  44          5
Cortinarius biformis                   44          5
Physconia grisea                       44          5
Gloiothele citrina                     44          5
Lepraria incana                        44          5
Hyphodontia alutaria                   44          5
Myochromella boudieri                  44          5
Uromyces rumicis                       44          5
Botryobasidium subcoronatum            43          5
Clavulinopsis umbrinella               43          5
Russula aurea                          43          5
Caloplaca flavescens                   43          5
Lepiota lilacea                        43          5
Heterosphaeria patella                 43          5
Metatrichia vesparia                   43          5
Cortinarius olivaceofuscus             43          5
Russula atrorubens                     43          5
Deconica inquilina                     43          5
Cortinarius umbrinolens                43          5
Pithya cupressina                      43          5
Gomphidius maculatus                   43          5
Amyloporia sinuosa                     43          5
Lycoperdon molle                       43          5
Gymnopus fagiphilus                    43          5
Typhula erythropus                     43          5
Pluteus ephebeus                       42          5
Russula brunneoviolacea                42          5
Coltricia confluens                    42          5
Trichia scabra                         42          5
Ramariopsis kunzei                     42          5
Inocybe corydalina                     42          5
Phragmidium mucronatum                 42          5
Antrodiella mentschulensis             42          5
Cladonia merochlorophaea               42          5
Neoboletus xanthopus                   42          5
Calyptella capula                      42          5
Cortinarius purpureus                  42          5
Agrocybe arvalis                       42          5
Stropharia inuncta                     42          5
Microglossum griseoviride              42          5
Mycena juniperina                      42          5
Trichopeziza subsulphurea              42          5
Pholiota astragalina                   41          4
Guepinia helvelloides                  41          5
Poronia punctata                       41          4
Tricholoma pessundatum                 41          5
Inocybe appendiculata                  41          5
Leratiomyces ceres                     41          4
Russula faustiana                      41          4
Stemonitis fusca                       41          5
Parmelinopsis afrorevoluta             41          5
Bulbillomyces farinosus                41          5
Russula seperina                       41          5
Butyriboletus fuscoroseus              41          5
Entyloma ficariae                      41          5
Simocybe centunculus                   41          4
Tricholoma basirubens                  41          4
Arrhenia obscurata                     41          5
Dialonectria episphaeria               41          4
Claviceps purpurea                     41          5
Ceriporia reticulata                   41          4
Butyriboletus fechtneri                41          4
Godronia ribis                         41          4
Subulicystidium longisporum            41          5
Durella connivens                      41          5
Lachnellula occidentalis               41          5
Gymnosporangium cornutum               41          5
Lyophyllum paelochroum                 41          4
Monilinia fructigena                   41          4
Cortinarius stillatitius               41          4
Punctelia jeckeri                      41          5
Cortinarius saniosus                   41          4
Marasmius limosus                      41          4
Mycena clavicularis                    40          4
Gymnopilus picreus                     40          4
Arrhenia lobata                        40          4
Trametes suaveolens                    40          4
Verpa conica                           40          4
Hypocenomyce scalaris                  40          4
Russula luteotacta                     40          4
Usnea subfloridana                     40          4
Lepiota brunneoincarnata               40          4
Xylaria oxyacanthae                    40          4
Porodaedalea pini                      40          4
Tricholoma arvernense                  39          4
Cortinarius acutus                     39          4
Mycena vulgaris                        39          4
Ruzenia spermoides                     39          4
Peziza arvernensis                     39          4
Oligoporus wakefieldiae                39          4
Hypomyces papulasporae                 39          4
Tricholoma aestuans                    39          4
Protounguicularia transiens            39          4
Seifertia azaleae                      39          4
Granulobasidium vellereum              39          4
Panaeolus subfirmus                    39          4
Helvella solitaria                     39          4
Picipes melanopus                      39          4
Agaricus crocodilinus                  39          4
Tuber borchii                          39          4
Leptosporomyces fuscostratus           39          4
Hemimycena delectabilis                39          4
Phylloporia ribis                      39          4
Galerina uncialis                      38          4
Cortinarius camphoratus                38          4
Russula curtipes                       38          4
Epichloe typhina                       38          4
Hygrophorus mesotephrus                38          4
Stereocaulon condensatum               38          4
Leccinum melaneum                      38          4
Craterium minutum                      38          4
Hydnellum caeruleum                    38          4
Hypholoma subericaeum                  38          4
Cladonia pyxidata                      38          4
Flammulaster muricatus                 38          4
Blumeria graminis                      38          4
Dacrymyces capitatus                   38          4
Tricholoma albobrunneum                38          4
Hohenbuehelia auriscalpium             38          4
Xanthoparmelia digitiformis            38          4
Hydnellum cumulatum                    37          4
Leratiomyces percevalii                37          4
Entoloma bloxamii                      37          4
Rimbachia arachnoidea                  37          4
Entoloma asprellum                     37          4
Trechispora hymenocystis               37          4
Pluteus hispidulus                     37          4
Entoloma araneosum                     37          4
Vouauxiella lichenicola                37          4
Onygena corvina                        37          4
Mycena aurantiomarginata               37          4
Amanita lividopallescens               37          4
Cortinarius mucosus                    37          4
Xylodon brevisetus                     37          4
Mycoacia fuscoatra                     36          4
Homophron cernuum                      36          4
Merismodes fasciculata                 36          4
Physcia stellaris                      36          4
Acrospermum compressum                 36          4
Cladonia rangiferina                   36          4
Naucoria salicis                       36          4
Cortinarius emollitus                  36          4
Cystodermella granulosa                36          4
Ramaria krieglsteineri                 36          4
Hymenoscyphus fraxineus                36          4
Entoloma atrocoeruleum                 36          4
Exobasidium juelianum                  36          4
Cortinarius xantho-ochraceus           36          4
Mycenella trachyspora                  36          4
Coniophora arida                       35          4
Cystolepiota bucknallii                35          4
Agaricus subfloccosus                  35          4
Entoloma mougeotii                     35          4
Entoloma vernum                        35          4
Xerocomellus ripariellus               35          4
Russula pelargonia                     35          4
Mycena luteovariegata                  35          4
Ascocoryne albida                      35          4
Lactifluus bertillonii                 35          4
Galerina calyptrata                    35          4
Pertusaria hymenea                     34          4
Umbilicaria polyphylla                 34          4
Hysterium pulicare                     34          4
Strobilurus stephanocystis             34          4
Cortinarius decipiens                  34          4
Puccinia circaeae                      34          4
Agaricus bohusii                       34          4
Puccinia recondita                     34          4
Russula maculata                       34          4
Agaricus lanipes                       34          4
Hohenbuehelia cyphelliformis           34          4
Syzygites megalocarpus                 34          4
Lasiosphaeris hirsuta                  34          4
Tricholoma psammopus                   34          4
Crepidotus calolepis                   34          4
Cheilymenia fimicola                   34          4
Crepidotus autochthonus                33          4
Cortinarius rhizophorus                33          4
Melanogaster ambiguus                  33          4
Agaricus bisporus                      33          4
Sarcosphaera coronaria                 33          4
Ramalina siliquosa                     33          4
Ramaria fumigata                       33          4
Psathyrella ammophila                  33          4
Mycena rosella                         33          4
Entoloma euchroum                      33          4
Hypholoma myosotis                     33          4
Puccinia lapsanae                      33          4
Homophron spadiceum                    33          4
Geastrum melanocephalum                33          4
Russula farinipes                      33          4
Cortinarius traganus                   33          4
Rutstroemia calopus                    32          3
Lepiota pseudolilacea                  32          4
Tricholoma stans                       32          4
Coprinopsis insignis                   32          4
Meottomyces dissimulans                32          3
Lindtneria panphyliensis               32          3
Marasmius curreyi                      32          3
Gymnopus fuscopurpureus                32          3
Lasiobelonium variegatum               32          3
Lactarius azonites                     32          3
Hemimycena hirsuta                     32          3
Physconia distorta                     32          3
Phloeomana clavata                     32          3
Gymnopus foetidus                      32          4
Cortinarius acetosus                   32          3
Hyphodontia pallidula                  32          4
Laetisaria fuciformis                  32          4
Agrocybe elatella                      32          4
Coprinellus radians                    32          4
Hygrophorus persoonii                  32          3
Coprinopsis canoceps                   32          4
Russula laeta                          32          3
Infundibulicybe trulliformis           32          3
Clitocybe diatreta                     32          4
Flavoscypha phlebophora                32          3
Elaphomyces granulatus                 32          3
Cortinarius humolens                   32          4
Deconica merdaria                      32          3
Echinoderma jacobi                     32          3
Lactarius porninsis                    32          4
Leucogyrophana mollusca                32          4
Chaenotheca ferruginea                 32          3
Cortinarius multiformis                32          4
Panaeolus reticulatus                  32          3
Fuscoporia contigua                    32          3
Lactarius obscuratus                   32          4
Vulpicida pinastri                     32          3
Pterula multifida                      32          3
Symphytocarpus amaurochaetoides         32          4
Calospora undulata                     32          3
Flagelloscypha minutissima             32          3
Triphragmium ulmariae                  32          3
Entoloma sepium                        32          3
Amphinema byssoides                    31          3
Stemonitopsis typhina                  31          3
Coprinopsis kubickae                   31          3
Coprinopsis macrocephala               31          3
Geastrum rufescens                     31          3
Mycenella salicina                     31          3
Resupinatus poriaeformis               31          3
Verpa bohemica                         31          3
Gloeocystidiellum porosum              31          3
Loreleia marchantiae                   31          3
Psathyrella fusca                      31          3
Thelephora anthocephala                31          3
Coprinopsis candidata                  31          3
Marasmius cohaerens                    31          3
Botryobasidium vagum                   31          3
Simocybe haustellaris                  31          3
Coprinellus angulatus                  31          3
Rosellinia corticium                   31          3
Protocrea pallida                      31          3
Steccherinum oreophilum                31          3
Oxyporus obducens                      30          3
Leucocoprinus brebissonii              30          3
Tricholomopsis decora                  30          3
Arrhenia acerosa                       30          3
Entoloma papillatum                    30          3
Neofavolus suavissimus                 30          3
Lycogala flavofuscum                   30          3
Psilocybe fimetaria                    30          3
Lactarius albocarneus                  30          3
Puccinia hieracii                      30          3
Trechispora stevensonii                30          3
Rhodocollybia butyracea                30          3
Lachnella villosa                      30          3
Mycoaciella bispora                    30          3
Puccinia caricina                      30          3
Eutypa maura                           30          3
Hymenoscyphus scutula                  30          3
Inocybe griseolilacina                 30          3
Hygrocybe citrinovirens                30          3
Eutypa lata                            30          3
Galerina ampullaceocystis              30          3
Pholiota scamba                        30          3
Helvella fibrosa                       30          3
Entoloma lanuginosipes                 30          3
Cortinarius quercoconicus              29          3
Peziza michelii                        29          3
Entoloma formosum                      29          3
Peltigera rufescens                    29          3
Sphaeridium candidulum                 29          3
Typhula spathulata                     29          3
Flammulaster limulatus                 29          3
Bisporella subpallida                  29          3
Eutypa flavovirens                     29          3
Parmeliopsis ambigua                   29          3
Resinomycena saccharifera              29          3
Ossicaulis lignatilis                  29          3
Stereocaulon vesuvianum                29          3
Psathyrella pygmaea                    29          3
Caloscypha fulgens                     29          3
Conocybe blattaria                     29          3
Henningsomyces candidus                29          3
Geoglossum starbaeckii                 29          3
Echinoderma echinaceum                 29          3
Podosphaera aphanis                    28          3
Scutellinia hirta                      28          3
Hydnellum ferrugineum                  28          3
Heteroradulum deglubens                28          3
Conocybe velata                        28          3
Clavaria fragilis                      28          3
Cudonia circinans                      28          3
Pseudoclitopilus rhodoleucus           28          3
Peniophora pini                        28          3
Collema tenax                          28          3
Roridomyces roridus                    28          3
Geastrum coronatum                     28          3
Trichia crateriformis                  28          3
Hygrocybe intermedia                   28          3
Brunneoporus kuzyanus                  28          3
Connopus acervatus                     28          3
Lycoperdon mammiforme                  28          3
Psathyrella obtusata                   28          3
Russula insignis                       28          3
Arcyria cinerea                        28          3
Clavaria zollingeri                    28          3
Coprinopsis cinerea                    28          3
Coprinopsis urticicola                 28          3
Thelephora caryophyllea                28          3
Calyptella campanula                   28          3
Leccinum schistophilum                 28          3
Pulvinula convexella                   28          3
Lemalis aurea                          28          3
Morchella conica                       28          3
Erysiphe heraclei                      28          3
